<?xml version="1.0" encoding="UTF-8"?>
<testsuite name="TestSuite" time="546.608" tests="4" errors="0" skipped="0" failures="1">
  <properties>
[...]
</properties>
  <testcase name="feature" classname="com.assignment.appiumTest.runner.TestRunner" time="75.27">
    <failure message="java.lang.AssertionError: An element could not be located on the page using the given search parameters.&#10;For documentation on this error, please visit: https://www.seleniumhq.org/exceptions/no_such_element.html&#10;Build info: version: &apos;3.141.59&apos;, revision: &apos;e82be7d358&apos;, time: &apos;2018-11-14T08:17:03&apos;&#10;System info: host: &apos;ANSHUL48918&apos;, ip: &apos;172.20.10.10&apos;, os.name: &apos;Windows 7&apos;, os.arch: &apos;amd64&apos;, os.version: &apos;6.1&apos;, java.version: &apos;1.8.0_144&apos;&#10;Driver info: io.appium.java_client.android.AndroidDriver&#10;Capabilities {app: src\main\resources\selendro..., appActivity: HomeScreenActivity, appPackage: io.selendroid.testapp, appium-version: 1.13.0, autoAcceptAlerts: true, autoDismissAlerts: true, autoGrantPermissions: true, connectHardwareKeyboard: false, databaseEnabled: false, desired: {app: src\main\resources\selendro..., appActivity: HomeScreenActivity, appPackage: io.selendroid.testapp, appium-version: 1.13.0, autoAcceptAlerts: true, autoDismissAlerts: true, autoGrantPermissions: true, connectHardwareKeyboard: false, deviceName: Nexus6, orientation: PORTRAIT, platformName: android, platformVersion: 6.0}, deviceManufacturer: unknown, deviceModel: Android SDK built for x86, deviceName: emulator-5554, deviceScreenSize: 1440x2560, deviceUDID: emulator-5554, javascriptEnabled: true, locationContextEnabled: false, networkConnectionEnabled: true, orientation: PORTRAIT, platform: LINUX, platformName: Android, platformVersion: 6.0, takesScreenshot: true, warnings: {}, webStorageEnabled: false}&#10;Session ID: f99e4250-ce7b-4806-88b5-f7902ca25c29&#10;*** Element info: {Using=id, value=io.selendroid.testapp:id/exceptionTestButton} expected [true] but found [false]" type="cucumber.runtime.CucumberException">cucumber.runtime.CucumberException: java.lang.AssertionError: An element could not be located on the page using the given search parameters.
For documentation on this error, please visit: https://www.seleniumhq.org/exceptions/no_such_element.html
Build info: version: '3.141.59', revision: 'e82be7d358', time: '2018-11-14T08:17:03'
System info: host: 'ANSHUL48918', ip: '172.20.10.10', os.name: 'Windows 7', os.arch: 'amd64', os.version: '6.1', java.version: '1.8.0_144'
Driver info: io.appium.java_client.android.AndroidDriver
Capabilities {app: src\main\resources\selendro..., appActivity: HomeScreenActivity, appPackage: io.selendroid.testapp, appium-version: 1.13.0, autoAcceptAlerts: true, autoDismissAlerts: true, autoGrantPermissions: true, connectHardwareKeyboard: false, databaseEnabled: false, desired: {app: src\main\resources\selendro..., appActivity: HomeScreenActivity, appPackage: io.selendroid.testapp, appium-version: 1.13.0, autoAcceptAlerts: true, autoDismissAlerts: true, autoGrantPermissions: true, connectHardwareKeyboard: false, deviceName: Nexus6, orientation: PORTRAIT, platformName: android, platformVersion: 6.0}, deviceManufacturer: unknown, deviceModel: Android SDK built for x86, deviceName: emulator-5554, deviceScreenSize: 1440x2560, deviceUDID: emulator-5554, javascriptEnabled: true, locationContextEnabled: false, networkConnectionEnabled: true, orientation: PORTRAIT, platform: LINUX, platformName: Android, platformVersion: 6.0, takesScreenshot: true, warnings: {}, webStorageEnabled: false}
Session ID: f99e4250-ce7b-4806-88b5-f7902ca25c29
*** Element info: {Using=id, value=io.selendroid.testapp:id/exceptionTestButton} expected [true] but found [false]
	at org.testng.Assert.fail(Assert.java:96)
	at org.testng.Assert.failNotEquals(Assert.java:776)
	at org.testng.Assert.assertTrue(Assert.java:44)
	at com.assignment.appiumTest.Drivers.Drivers.getElement(Drivers.java:535)
	at com.assignment.appiumTest.Drivers.Drivers.clickButton(Drivers.java:317)
	at StepDefinations.Base.ClickOnButton(Base.java:21)
	at ✽.And User Click on "HomePage/Exception"(Exception.feature:8)
</failure>
    <system-out>Exception Functionality
log4j: reset attribute= "false".
log4j: Threshold ="null".
log4j: Level value for root is  [debug].
log4j: root level set to DEBUG
log4j: Class name: [org.apache.log4j.ConsoleAppender]
log4j: Setting property [target] to [System.out].
log4j: Parsing layout of class: "org.apache.log4j.PatternLayout"
log4j: Setting property [conversionPattern] to [%d{yyyy-MM-dd HH:mm:ss} %-5p %c{1}:%L - %m%n].
log4j: Adding appender named [console] to category [root].
log4j: Class name: [org.apache.log4j.RollingFileAppender]
log4j: Setting property [file] to [src/main/resources/logfile.log].
log4j: Parsing layout of class: "org.apache.log4j.PatternLayout"
log4j: Setting property [conversionPattern] to [%d{yyyy-MM-dd HH:mm:ss} %-5p %c{1}:%L - %m%n].
log4j: setFile called: src/main/resources/logfile.log, true
log4j: setFile ended
log4j: Adding appender named [fileAppender] to category [root].
Feature: Exception Functionality
Before hooks
2019-05-14 14:19:49 INFO  Logging:15 - ****************************************************************************************
2019-05-14 14:19:49 INFO  Logging:17 - ****************************************************************************************
2019-05-14 14:19:49 INFO  Logging:19 - $$$$$$$$$$$$$$$$$$$$$                 Verify Exceptions       $$$$$$$$$$$$$$$$$$$$$$$$$
2019-05-14 14:19:49 INFO  Logging:21 - ****************************************************************************************
2019-05-14 14:19:49 INFO  Logging:23 - ****************************************************************************************
2019-05-14 14:20:19 INFO  Logging:47 - Launching the application
2019-05-14 14:20:24 INFO  Logging:47 - Clicking on [HomePage/Exception]
in features fileHomePage/Exception
2019-05-14 14:20:57 INFO  Logging:15 - ****************************************************************************************
2019-05-14 14:20:57 INFO  Logging:17 - ****************************************************************************************
2019-05-14 14:20:57 INFO  Logging:19 - $$$$$$$$$$$$$$$$$$$$$                 null       $$$$$$$$$$$$$$$$$$$$$$$$$
2019-05-14 14:20:57 INFO  Logging:21 - ****************************************************************************************
2019-05-14 14:20:57 INFO  Logging:23 - ****************************************************************************************
Failure in after hook:Hooks.screenshots(Scenario)
Message: java.lang.ArrayIndexOutOfBoundsException: 3
	at StepDefinations.Hooks.screenshots(Hooks.java:37)
	at sun.reflect.NativeMethodAccessorImpl.invoke0(Native Method)
	at sun.reflect.NativeMethodAccessorImpl.invoke(Unknown Source)
	at sun.reflect.DelegatingMethodAccessorImpl.invoke(Unknown Source)
	at java.lang.reflect.Method.invoke(Unknown Source)
	at cucumber.runtime.Utils$1.call(Utils.java:40)
	at cucumber.runtime.Timeout.timeout(Timeout.java:16)
	at cucumber.runtime.Utils.invoke(Utils.java:34)
	at cucumber.runtime.java.JavaHookDefinition.execute(JavaHookDefinition.java:60)
	at cucumber.runtime.Runtime.runHookIfTagsMatch(Runtime.java:224)
	at cucumber.runtime.Runtime.runHooks(Runtime.java:212)
	at cucumber.runtime.Runtime.runAfterHooks(Runtime.java:206)
	at cucumber.runtime.model.CucumberScenario.run(CucumberScenario.java:46)
	at cucumber.runtime.model.CucumberFeature.run(CucumberFeature.java:165)
	at cucumber.api.testng.TestNGCucumberRunner.runCucumber(TestNGCucumberRunner.java:63)
	at com.assignment.appiumTest.runner.TestRunner.feature(TestRunner.java:80)
	at sun.reflect.NativeMethodAccessorImpl.invoke0(Native Method)
	at sun.reflect.NativeMethodAccessorImpl.invoke(Unknown Source)
	at sun.reflect.DelegatingMethodAccessorImpl.invoke(Unknown Source)
	at java.lang.reflect.Method.invoke(Unknown Source)
	at org.testng.internal.MethodInvocationHelper.invokeMethod(MethodInvocationHelper.java:124)
	at org.testng.internal.Invoker.invokeMethod(Invoker.java:583)
	at org.testng.internal.Invoker.invokeTestMethod(Invoker.java:719)
	at org.testng.internal.Invoker.invokeTestMethods(Invoker.java:989)
	at org.testng.internal.TestMethodWorker.invokeTestMethods(TestMethodWorker.java:125)
	at org.testng.internal.TestMethodWorker.run(TestMethodWorker.java:109)
	at org.testng.TestRunner.privateRun(TestRunner.java:648)
	at org.testng.TestRunner.run(TestRunner.java:505)
	at org.testng.SuiteRunner.runTest(SuiteRunner.java:455)
	at org.testng.SuiteRunner.runSequentially(SuiteRunner.java:450)
	at org.testng.SuiteRunner.privateRun(SuiteRunner.java:415)
	at org.testng.SuiteRunner.run(SuiteRunner.java:364)
	at org.testng.SuiteRunnerWorker.runSuite(SuiteRunnerWorker.java:52)
	at org.testng.SuiteRunnerWorker.run(SuiteRunnerWorker.java:84)
	at org.testng.TestNG.runSuitesSequentially(TestNG.java:1208)
	at org.testng.TestNG.runSuitesLocally(TestNG.java:1137)
	at org.testng.TestNG.runSuites(TestNG.java:1049)
	at org.testng.TestNG.run(TestNG.java:1017)
	at org.apache.maven.surefire.testng.TestNGExecutor.run(TestNGExecutor.java:178)
	at org.apache.maven.surefire.testng.TestNGXmlTestSuite.execute(TestNGXmlTestSuite.java:92)
	at org.apache.maven.surefire.testng.TestNGProvider.invoke(TestNGProvider.java:96)
	at sun.reflect.NativeMethodAccessorImpl.invoke0(Native Method)
	at sun.reflect.NativeMethodAccessorImpl.invoke(Unknown Source)
	at sun.reflect.DelegatingMethodAccessorImpl.invoke(Unknown Source)
	at java.lang.reflect.Method.invoke(Unknown Source)
	at org.apache.maven.surefire.util.ReflectionUtils.invokeMethodWithArray2(ReflectionUtils.java:208)
	at org.apache.maven.surefire.booter.ProviderFactory$ProviderProxy.invoke(ProviderFactory.java:159)
	at org.apache.maven.surefire.booter.ProviderFactory.invokeProvider(ProviderFactory.java:87)
	at org.apache.maven.surefire.booter.ForkedBooter.runSuitesInProcess(ForkedBooter.java:153)
	at org.apache.maven.surefire.booter.ForkedBooter.main(ForkedBooter.java:95)

      java.lang.ArrayIndexOutOfBoundsException: 3
      	at StepDefinations.Hooks.screenshots(Hooks.java:37)
      	at sun.reflect.NativeMethodAccessorImpl.invoke0(Native Method)
      	at sun.reflect.NativeMethodAccessorImpl.invoke(Unknown Source)
      	at sun.reflect.DelegatingMethodAccessorImpl.invoke(Unknown Source)
      	at java.lang.reflect.Method.invoke(Unknown Source)
      	at cucumber.runtime.Utils$1.call(Utils.java:40)
      	at cucumber.runtime.Timeout.timeout(Timeout.java:16)
      	at cucumber.runtime.Utils.invoke(Utils.java:34)
      	at cucumber.runtime.java.JavaHookDefinition.execute(JavaHookDefinition.java:60)
      	at cucumber.runtime.Runtime.runHookIfTagsMatch(Runtime.java:224)
      	at cucumber.runtime.Runtime.runHooks(Runtime.java:212)
      	at cucumber.runtime.Runtime.runAfterHooks(Runtime.java:206)
      	at cucumber.runtime.model.CucumberScenario.run(CucumberScenario.java:46)
      	at cucumber.runtime.model.CucumberFeature.run(CucumberFeature.java:165)
      	at cucumber.api.testng.TestNGCucumberRunner.runCucumber(TestNGCucumberRunner.java:63)
      	at com.assignment.appiumTest.runner.TestRunner.feature(TestRunner.java:80)
      	at sun.reflect.NativeMethodAccessorImpl.invoke0(Native Method)
      	at sun.reflect.NativeMethodAccessorImpl.invoke(Unknown Source)
      	at sun.reflect.DelegatingMethodAccessorImpl.invoke(Unknown Source)
      	at java.lang.reflect.Method.invoke(Unknown Source)
      	at org.testng.internal.MethodInvocationHelper.invokeMethod(MethodInvocationHelper.java:124)
      	at org.testng.internal.Invoker.invokeMethod(Invoker.java:583)
      	at org.testng.internal.Invoker.invokeTestMethod(Invoker.java:719)
      	at org.testng.internal.Invoker.invokeTestMethods(Invoker.java:989)
      	at org.testng.internal.TestMethodWorker.invokeTestMethods(TestMethodWorker.java:125)
      	at org.testng.internal.TestMethodWorker.run(TestMethodWorker.java:109)
      	at org.testng.TestRunner.privateRun(TestRunner.java:648)
      	at org.testng.TestRunner.run(TestRunner.java:505)
      	at org.testng.SuiteRunner.runTest(SuiteRunner.java:455)
      	at org.testng.SuiteRunner.runSequentially(SuiteRunner.java:450)
      	at org.testng.SuiteRunner.privateRun(SuiteRunner.java:415)
      	at org.testng.SuiteRunner.run(SuiteRunner.java:364)
      	at org.testng.SuiteRunnerWorker.runSuite(SuiteRunnerWorker.java:52)
      	at org.testng.SuiteRunnerWorker.run(SuiteRunnerWorker.java:84)
      	at org.testng.TestNG.runSuitesSequentially(TestNG.java:1208)
      	at org.testng.TestNG.runSuitesLocally(TestNG.java:1137)
      	at org.testng.TestNG.runSuites(TestNG.java:1049)
      	at org.testng.TestNG.run(TestNG.java:1017)
      	at org.apache.maven.surefire.testng.TestNGExecutor.run(TestNGExecutor.java:178)
      	at org.apache.maven.surefire.testng.TestNGXmlTestSuite.execute(TestNGXmlTestSuite.java:92)
      	at org.apache.maven.surefire.testng.TestNGProvider.invoke(TestNGProvider.java:96)
      	at sun.reflect.NativeMethodAccessorImpl.invoke0(Native Method)
      	at sun.reflect.NativeMethodAccessorImpl.invoke(Unknown Source)
      	at sun.reflect.DelegatingMethodAccessorImpl.invoke(Unknown Source)
      	at java.lang.reflect.Method.invoke(Unknown Source)
      	at org.apache.maven.surefire.util.ReflectionUtils.invokeMethodWithArray2(ReflectionUtils.java:208)
      	at org.apache.maven.surefire.booter.ProviderFactory$ProviderProxy.invoke(ProviderFactory.java:159)
      	at org.apache.maven.surefire.booter.ProviderFactory.invokeProvider(ProviderFactory.java:87)
      	at org.apache.maven.surefire.booter.ForkedBooter.runSuitesInProcess(ForkedBooter.java:153)
      	at org.apache.maven.surefire.booter.ForkedBooter.main(ForkedBooter.java:95)


  Scenario: Verify Exceptions              # Exception.feature:4
    And User Click on "HomePage/Exception" # Base.ClickOnButton(String)
    And User wait for "15000"              # Base.Userwait(String)
    And User take screenshots              # Base.UsergetScreenShots()
    And User Click on "HomePage/Exception" # Base.ClickOnButton(String)
      java.lang.AssertionError: An element could not be located on the page using the given search parameters.
      For documentation on this error, please visit: https://www.seleniumhq.org/exceptions/no_such_element.html
      Build info: version: '3.141.59', revision: 'e82be7d358', time: '2018-11-14T08:17:03'
      System info: host: 'ANSHUL48918', ip: '172.20.10.10', os.name: 'Windows 7', os.arch: 'amd64', os.version: '6.1', java.version: '1.8.0_144'
      Driver info: io.appium.java_client.android.AndroidDriver
      Capabilities {app: src\main\resources\selendro..., appActivity: HomeScreenActivity, appPackage: io.selendroid.testapp, appium-version: 1.13.0, autoAcceptAlerts: true, autoDismissAlerts: true, autoGrantPermissions: true, connectHardwareKeyboard: false, databaseEnabled: false, desired: {app: src\main\resources\selendro..., appActivity: HomeScreenActivity, appPackage: io.selendroid.testapp, appium-version: 1.13.0, autoAcceptAlerts: true, autoDismissAlerts: true, autoGrantPermissions: true, connectHardwareKeyboard: false, deviceName: Nexus6, orientation: PORTRAIT, platformName: android, platformVersion: 6.0}, deviceManufacturer: unknown, deviceModel: Android SDK built for x86, deviceName: emulator-5554, deviceScreenSize: 1440x2560, deviceUDID: emulator-5554, javascriptEnabled: true, locationContextEnabled: false, networkConnectionEnabled: true, orientation: PORTRAIT, platform: LINUX, platformName: Android, platformVersion: 6.0, takesScreenshot: true, warnings: {}, webStorageEnabled: false}
      Session ID: f99e4250-ce7b-4806-88b5-f7902ca25c29
      *** Element info: {Using=id, value=io.selendroid.testapp:id/exceptionTestButton} expected [true] but found [false]
      	at org.testng.Assert.fail(Assert.java:96)
      	at org.testng.Assert.failNotEquals(Assert.java:776)
      	at org.testng.Assert.assertTrue(Assert.java:44)
      	at com.assignment.appiumTest.Drivers.Drivers.getElement(Drivers.java:535)
      	at com.assignment.appiumTest.Drivers.Drivers.clickButton(Drivers.java:317)
      	at StepDefinations.Base.ClickOnButton(Base.java:21)
      	at ?.And User Click on "HomePage/Exception"(Exception.feature:8)

</system-out>
    <system-err>May 14, 2019 2:20:19 PM io.appium.java_client.remote.AppiumCommandExecutor$1 lambda$0
INFO: Detected dialect: W3C
</system-err>
  </testcase>
  <testcase name="feature" classname="com.assignment.appiumTest.runner.TestRunner" time="41.711"/>
  <testcase name="feature" classname="com.assignment.appiumTest.runner.TestRunner" time="379.794"/>
  <testcase name="feature" classname="com.assignment.appiumTest.runner.TestRunner" time="49.833"/>
</testsuite>